[35m[1mScanning dependencies of target geometry_msgs_generate_messages_py[0m
[35m[1mScanning dependencies of target std_msgs_generate_messages_nodejs[0m
[35m[1mScanning dependencies of target std_msgs_generate_messages_py[0m
[35m[1mScanning dependencies of target std_msgs_generate_messages_eus[0m
[  0%] Built target std_msgs_generate_messages_py
[  0%] Built target std_msgs_generate_messages_nodejs
[  0%] Built target std_msgs_generate_messages_eus
[  0%] Built target geometry_msgs_generate_messages_py
[35m[1mScanning dependencies of target std_msgs_generate_messages_cpp[0m
[35m[1mScanning dependencies of target sensor_msgs_generate_messages_lisp[0m
[35m[1mScanning dependencies of target geometry_msgs_generate_messages_nodejs[0m
[35m[1mScanning dependencies of target geometry_msgs_generate_messages_eus[0m
[  0%] Built target std_msgs_generate_messages_cpp
[  0%] Built target sensor_msgs_generate_messages_lisp
[  0%] Built target geometry_msgs_generate_messages_nodejs
[  0%] Built target geometry_msgs_generate_messages_eus
[35m[1mScanning dependencies of target sensor_msgs_generate_messages_py[0m
[35m[1mScanning dependencies of target geometry_msgs_generate_messages_lisp[0m
[35m[1mScanning dependencies of target std_msgs_generate_messages_lisp[0m
[35m[1mScanning dependencies of target sensor_msgs_generate_messages_cpp[0m
[  0%] Built target sensor_msgs_generate_messages_py
[  0%] Built target geometry_msgs_generate_messages_lisp
[  0%] Built target std_msgs_generate_messages_lisp
[  0%] Built target sensor_msgs_generate_messages_cpp
[35m[1mScanning dependencies of target sensor_msgs_generate_messages_eus[0m
[35m[1mScanning dependencies of target sensor_msgs_generate_messages_nodejs[0m
[35m[1mScanning dependencies of target geometry_msgs_generate_messages_cpp[0m
[  0%] Built target sensor_msgs_generate_messages_eus
[  0%] Built target sensor_msgs_generate_messages_nodejs
[  0%] Built target geometry_msgs_generate_messages_cpp
[35m[1mScanning dependencies of target cv_bridge[0m
[ 33%] [32mBuilding CXX object src/CMakeFiles/cv_bridge.dir/cv_bridge.cpp.o[0m
[ 33%] [32mBuilding CXX object src/CMakeFiles/cv_bridge.dir/rgb_colors.cpp.o[0m
[ 50%] [32m[1mLinking CXX shared library /home/win/catkin_ws/devel/.private/cv_bridge/lib/libcv_bridge.so[0m
[ 50%] Built target cv_bridge
[35m[1mScanning dependencies of target cv_bridge_boost[0m
[ 83%] [32mBuilding CXX object src/CMakeFiles/cv_bridge_boost.dir/module_opencv2.cpp.o[0m
[ 83%] [32mBuilding CXX object src/CMakeFiles/cv_bridge_boost.dir/module.cpp.o[0m
In file included from [01m[K/home/win/catkin_ws/src/vision_opencv/cv_bridge/src/module.cpp:35:0[m[K:
[01m[K/home/win/catkin_ws/src/vision_opencv/cv_bridge/src/module.hpp:[m[K In function â€˜[01m[Kint do_numpy_import()[m[Kâ€™:
[01m[K/home/win/catkin_ws/src/vision_opencv/cv_bridge/src/module.hpp:39:5:[m[K [01;35m[Kwarning: [m[Kconverting to non-pointer type â€˜[01m[Kint[m[Kâ€™ from NULL [[01;35m[K-Wconversion-null[m[K]
     [01;35m[Kimport_array[m[K( );
     [01;35m[K^~~~~~~~~~~~[m[K
In file included from [01m[K/home/win/catkin_ws/src/vision_opencv/cv_bridge/src/module_opencv2.cpp:35:0[m[K:
[01m[K/home/win/catkin_ws/src/vision_opencv/cv_bridge/src/module.hpp:[m[K In function â€˜[01m[Kint do_numpy_import()[m[Kâ€™:
[01m[K/home/win/catkin_ws/src/vision_opencv/cv_bridge/src/module.hpp:39:5:[m[K [01;35m[Kwarning: [m[Kconverting to non-pointer type â€˜[01m[Kint[m[Kâ€™ from NULL [[01;35m[K-Wconversion-null[m[K]
     [01;35m[Kimport_array[m[K( );
     [01;35m[K^~~~~~~~~~~~[m[K
[01m[K/home/win/catkin_ws/src/vision_opencv/cv_bridge/src/module_opencv2.cpp:[m[K At global scope:
[01m[K/home/win/catkin_ws/src/vision_opencv/cv_bridge/src/module_opencv2.cpp:151:16:[m[K [01;31m[Kerror: [m[Kcannot declare variable â€˜[01m[Kg_numpyAllocator[m[Kâ€™ to be of abstract type â€˜[01m[KNumpyAllocator[m[Kâ€™
 NumpyAllocator [01;31m[Kg_numpyAllocator[m[K;
                [01;31m[K^~~~~~~~~~~~~~~~[m[K
[01m[K/home/win/catkin_ws/src/vision_opencv/cv_bridge/src/module_opencv2.cpp:98:7:[m[K [01;36m[Knote: [m[K  because the following virtual functions are pure within â€˜[01m[KNumpyAllocator[m[Kâ€™:
 class [01;36m[KNumpyAllocator[m[K : public cv::MatAllocator
       [01;36m[K^~~~~~~~~~~~~~[m[K
In file included from [01m[K/usr/include/opencv4/opencv2/core.hpp:59:0[m[K,
                 from [01m[K/usr/include/opencv4/opencv2/core/core.hpp:48[m[K,
                 from [01m[K/home/win/catkin_ws/src/vision_opencv/cv_bridge/include/cv_bridge/cv_bridge.h:43[m[K,
                 from [01m[K/home/win/catkin_ws/src/vision_opencv/cv_bridge/src/module.hpp:22[m[K,
                 from [01m[K/home/win/catkin_ws/src/vision_opencv/cv_bridge/src/module_opencv2.cpp:35[m[K:
[01m[K/usr/include/opencv4/opencv2/core/mat.hpp:475:23:[m[K [01;36m[Knote: [m[K	virtual cv::UMatData* cv::MatAllocator::allocate(int, const int*, int, void*, size_t*, cv::AccessFlag, cv::UMatUsageFlags) const
     virtual UMatData* [01;36m[Kallocate[m[K(int dims, const int* sizes, int type,
                       [01;36m[K^~~~~~~~[m[K
[01m[K/usr/include/opencv4/opencv2/core/mat.hpp:477:18:[m[K [01;36m[Knote: [m[K	virtual bool cv::MatAllocator::allocate(cv::UMatData*, cv::AccessFlag, cv::UMatUsageFlags) const
     virtual bool [01;36m[Kallocate[m[K(UMatData* data, AccessFlag accessflags, UMatUsageFlags usageFlags) const = 0;
                  [01;36m[K^~~~~~~~[m[K
[01m[K/usr/include/opencv4/opencv2/core/mat.hpp:478:18:[m[K [01;36m[Knote: [m[K	virtual void cv::MatAllocator::deallocate(cv::UMatData*) const
     virtual void [01;36m[Kdeallocate[m[K(UMatData* data) const = 0;
                  [01;36m[K^~~~~~~~~~[m[K
[01m[K/home/win/catkin_ws/src/vision_opencv/cv_bridge/src/module_opencv2.cpp:[m[K In function â€˜[01m[Kint convert_to_CvMat2(const PyObject*, cv::Mat&)[m[Kâ€™:
[01m[K/home/win/catkin_ws/src/vision_opencv/cv_bridge/src/module_opencv2.cpp:233:11:[m[K [01;31m[Kerror: [m[Kâ€˜[01m[Kclass cv::Mat[m[Kâ€™ has no member named â€˜[01m[Krefcount[m[Kâ€™
         m.[01;31m[Krefcount[m[K = refcountFromPyObject(o);
           [01;31m[K^~~~~~~~[m[K
[01m[K/home/win/catkin_ws/src/vision_opencv/cv_bridge/src/module_opencv2.cpp:[m[K In function â€˜[01m[KPyObject* pyopencv_from(const cv::Mat&)[m[Kâ€™:
[01m[K/home/win/catkin_ws/src/vision_opencv/cv_bridge/src/module_opencv2.cpp:254:12:[m[K [01;31m[Kerror: [m[Kâ€˜[01m[Kclass cv::Mat[m[Kâ€™ has no member named â€˜[01m[Krefcount[m[Kâ€™
     if(!p->[01;31m[Krefcount[m[K || p->allocator != &g_numpyAllocator)
            [01;31m[K^~~~~~~~[m[K
[01m[K/home/win/catkin_ws/src/vision_opencv/cv_bridge/src/module_opencv2.cpp:261:36:[m[K [01;31m[Kerror: [m[Kâ€˜[01m[Kclass cv::Mat[m[Kâ€™ has no member named â€˜[01m[Krefcount[m[Kâ€™
     return pyObjectFromRefcount(p->[01;31m[Krefcount[m[K);
                                    [01;31m[K^~~~~~~~[m[K
src/CMakeFiles/cv_bridge_boost.dir/build.make:75: recipe for target 'src/CMakeFiles/cv_bridge_boost.dir/module_opencv2.cpp.o' failed
make[2]: *** [src/CMakeFiles/cv_bridge_boost.dir/module_opencv2.cpp.o] Error 1
make[2]: *** æ­£åœ¨ç­‰å¾…æœªå®Œæˆçš„ä»»åŠ¡....
CMakeFiles/Makefile2:935: recipe for target 'src/CMakeFiles/cv_bridge_boost.dir/all' failed
make[1]: *** [src/CMakeFiles/cv_bridge_boost.dir/all] Error 2
Makefile:140: recipe for target 'all' failed
make: *** [all] Error 2
